<?xml version="1.0" encoding="UTF-8"?>
<testsuite xmlns:xsi="http://www.w3.org/2001/XMLSchema-instance" xsi:noNamespaceSchemaLocation="https://maven.apache.org/surefire/maven-failsafe-plugin/xsd/failsafe-test-report-3.0.xsd" version="3.0" name="com.serenity.junit.CRUD_Test" time="14.476" tests="4" errors="0" skipped="0" failures="0">
  <properties>
[...]
</properties>
  <testcase name="test001" classname="com.serenity.junit.CRUD_Test" time="4.44">
    <system-out><![CDATA[11:39:15.636 [main] INFO  - 

-------------------------------------------------------------------------------------
     _______. _______ .______       _______ .__   __.  __  .___________.____    ____ 
    /       ||   ____||   _  \     |   ____||  \ |  | |  | |           |\   \  /   / 
   |   (----`|  |__   |  |_)  |    |  |__   |   \|  | |  | `---|  |----` \   \/   /  
    \   \    |   __|  |      /     |   __|  |  . `  | |  |     |  |       \_    _/   
.----)   |   |  |____ |  |\  \----.|  |____ |  |\   | |  |     |  |         |  |     
|_______/    |_______|| _| `._____||_______||__| \__| |__|     |__|         |__|    
                                                                                     
 News and tutorials at http://www.serenity-bdd.info                                  
 Documentation at https://wakaleo.gitbooks.io/the-serenity-book/content/             
 Join the Serenity Community on Gitter: https://gitter.im/serenity-bdd/serenity-core 
 Serenity BDD Support and Training at http://serenity-bdd.info/#/trainingandsupport  
-------------------------------------------------------------------------------------

11:39:16.273 [main] DEBUG net.thucydides.core.steps.StepEventBus - Test suite started for class com.serenity.junit.CRUD_Test
11:39:16.295 [main] INFO  - Test Suite Started: CRUD test
11:39:16.317 [main] INFO  - 
  _____   ___   ___   _____     ___   _____     _     ___   _____   ___   ___  
 |_   _| | __| / __| |_   _|   / __| |_   _|   /_\   | _ \ |_   _| | __| |   \ 
   | |   | _|  \__ \   | |     \__ \   | |    / _ \  |   /   | |   | _|  | |) |
   |_|   |___| |___/   |_|     |___/   |_|   /_/ \_\ |_|_\   |_|   |___| |___/ 

test001
--------------------------------------------------------------------------------
11:39:16.751 [main] DEBUG net.thucydides.core.steps.StepInterceptor - STARTING STEP: CRUD_Test.test001 - This is to create product with Title:{0} and price:{1}
Request method:	POST
Request URI:	https://fakestoreapi.com/products
Proxy:			<none>
Request params:	<none>
Query params:	<none>
Form params:	<none>
Path params:	<none>
Headers:		Accept=*/*
				Content-Type=text/plain; charset=ISO-8859-1
Cookies:		<none>
Multiparts:		<none>
Body:
{"title":"test product","price":13.5,"description":"lorem ipsum set","image":"https://i.pravatar.cc","category":"electronic"}
11:39:19.717 [main] DEBUG org.apache.http.impl.conn.BasicClientConnectionManager - Get connection for route {s}->https://fakestoreapi.com:443
11:39:19.746 [main] DEBUG org.apache.http.impl.conn.DefaultClientConnectionOperator - Connecting to fakestoreapi.com:443
11:39:20.061 [main] DEBUG org.apache.http.client.protocol.RequestAddCookies - CookieSpec selected: ignoreCookies
11:39:20.062 [main] DEBUG org.apache.http.client.protocol.RequestAuthCache - Auth cache not set in the context
11:39:20.063 [main] DEBUG org.apache.http.client.protocol.RequestTargetAuthentication - Target auth state: UNCHALLENGED
11:39:20.063 [main] DEBUG org.apache.http.client.protocol.RequestProxyAuthentication - Proxy auth state: UNCHALLENGED
11:39:20.063 [main] DEBUG org.apache.http.impl.client.DefaultHttpClient - Attempt 1 to execute request
11:39:20.063 [main] DEBUG org.apache.http.impl.conn.DefaultClientConnection - Sending request: POST /products HTTP/1.1
11:39:20.064 [main] DEBUG org.apache.http.wire -  >> "POST /products HTTP/1.1[\r][\n]"
11:39:20.064 [main] DEBUG org.apache.http.wire -  >> "Accept: */*[\r][\n]"
11:39:20.065 [main] DEBUG org.apache.http.wire -  >> "Content-Type: text/plain; charset=ISO-8859-1[\r][\n]"
11:39:20.065 [main] DEBUG org.apache.http.wire -  >> "Content-Length: 125[\r][\n]"
11:39:20.065 [main] DEBUG org.apache.http.wire -  >> "Host: fakestoreapi.com[\r][\n]"
11:39:20.065 [main] DEBUG org.apache.http.wire -  >> "Connection: Keep-Alive[\r][\n]"
11:39:20.065 [main] DEBUG org.apache.http.wire -  >> "User-Agent: Apache-HttpClient/4.5.13 (Java/17.0.6)[\r][\n]"
11:39:20.065 [main] DEBUG org.apache.http.wire -  >> "Accept-Encoding: gzip,deflate[\r][\n]"
11:39:20.065 [main] DEBUG org.apache.http.wire -  >> "[\r][\n]"
11:39:20.065 [main] DEBUG org.apache.http.headers - >> POST /products HTTP/1.1
11:39:20.065 [main] DEBUG org.apache.http.headers - >> Accept: */*
11:39:20.065 [main] DEBUG org.apache.http.headers - >> Content-Type: text/plain; charset=ISO-8859-1
11:39:20.065 [main] DEBUG org.apache.http.headers - >> Content-Length: 125
11:39:20.065 [main] DEBUG org.apache.http.headers - >> Host: fakestoreapi.com
11:39:20.065 [main] DEBUG org.apache.http.headers - >> Connection: Keep-Alive
11:39:20.065 [main] DEBUG org.apache.http.headers - >> User-Agent: Apache-HttpClient/4.5.13 (Java/17.0.6)
11:39:20.065 [main] DEBUG org.apache.http.headers - >> Accept-Encoding: gzip,deflate
11:39:20.066 [main] DEBUG org.apache.http.wire -  >> "{"title":"test product","price":13.5,"description":"lorem ipsum set","image":"https://i.pravatar.cc","category":"electronic"}"
11:39:20.592 [main] DEBUG org.apache.http.wire -  << "HTTP/1.1 200 OK[\r][\n]"
11:39:20.593 [main] DEBUG org.apache.http.wire -  << "Date: Fri, 02 Jun 2023 06:09:20 GMT[\r][\n]"
11:39:20.593 [main] DEBUG org.apache.http.wire -  << "Content-Type: application/json; charset=utf-8[\r][\n]"
11:39:20.593 [main] DEBUG org.apache.http.wire -  << "Content-Length: 9[\r][\n]"
11:39:20.593 [main] DEBUG org.apache.http.wire -  << "Connection: keep-alive[\r][\n]"
11:39:20.593 [main] DEBUG org.apache.http.wire -  << "Access-Control-Allow-Origin: *[\r][\n]"
11:39:20.593 [main] DEBUG org.apache.http.wire -  << "Etag: W/"9-YMkvF/wJa2P/mVmfWcyTuUjssI8"[\r][\n]"
11:39:20.594 [main] DEBUG org.apache.http.wire -  << "X-Powered-By: Express[\r][\n]"
11:39:20.594 [main] DEBUG org.apache.http.wire -  << "CF-Cache-Status: DYNAMIC[\r][\n]"
11:39:20.594 [main] DEBUG org.apache.http.wire -  << "Report-To: {"endpoints":[{"url":"https:\/\/a.nel.cloudflare.com\/report\/v3?s=1uRyE32CX5xF%2FdZ228J0sVtvwD%2Fq2B5VZHrPvAyyKy30LkVY%2BATNxDc2Tc1xmgViW4oHTgdBR33jPf1GYi8Wvdn1VhE9I3lkZvCWZL9fZDm893Cy9kfCXjWF4Dk5E20CjovT"}],"group":"cf-nel","max_age":604800}[\r][\n]"
11:39:20.594 [main] DEBUG org.apache.http.wire -  << "NEL: {"success_fraction":0,"report_to":"cf-nel","max_age":604800}[\r][\n]"
11:39:20.594 [main] DEBUG org.apache.http.wire -  << "Server: cloudflare[\r][\n]"
11:39:20.594 [main] DEBUG org.apache.http.wire -  << "CF-RAY: 7d0d86e4adb740f0-SIN[\r][\n]"
11:39:20.594 [main] DEBUG org.apache.http.wire -  << "alt-svc: h3=":443"; ma=86400[\r][\n]"
11:39:20.594 [main] DEBUG org.apache.http.wire -  << "[\r][\n]"
11:39:20.595 [main] DEBUG org.apache.http.impl.conn.DefaultClientConnection - Receiving response: HTTP/1.1 200 OK
11:39:20.595 [main] DEBUG org.apache.http.headers - << HTTP/1.1 200 OK
11:39:20.595 [main] DEBUG org.apache.http.headers - << Date: Fri, 02 Jun 2023 06:09:20 GMT
11:39:20.595 [main] DEBUG org.apache.http.headers - << Content-Type: application/json; charset=utf-8
11:39:20.595 [main] DEBUG org.apache.http.headers - << Content-Length: 9
11:39:20.595 [main] DEBUG org.apache.http.headers - << Connection: keep-alive
11:39:20.595 [main] DEBUG org.apache.http.headers - << Access-Control-Allow-Origin: *
11:39:20.595 [main] DEBUG org.apache.http.headers - << Etag: W/"9-YMkvF/wJa2P/mVmfWcyTuUjssI8"
11:39:20.595 [main] DEBUG org.apache.http.headers - << X-Powered-By: Express
11:39:20.595 [main] DEBUG org.apache.http.headers - << CF-Cache-Status: DYNAMIC
11:39:20.595 [main] DEBUG org.apache.http.headers - << Report-To: {"endpoints":[{"url":"https:\/\/a.nel.cloudflare.com\/report\/v3?s=1uRyE32CX5xF%2FdZ228J0sVtvwD%2Fq2B5VZHrPvAyyKy30LkVY%2BATNxDc2Tc1xmgViW4oHTgdBR33jPf1GYi8Wvdn1VhE9I3lkZvCWZL9fZDm893Cy9kfCXjWF4Dk5E20CjovT"}],"group":"cf-nel","max_age":604800}
11:39:20.595 [main] DEBUG org.apache.http.headers - << NEL: {"success_fraction":0,"report_to":"cf-nel","max_age":604800}
11:39:20.595 [main] DEBUG org.apache.http.headers - << Server: cloudflare
11:39:20.595 [main] DEBUG org.apache.http.headers - << CF-RAY: 7d0d86e4adb740f0-SIN
11:39:20.595 [main] DEBUG org.apache.http.headers - << alt-svc: h3=":443"; ma=86400
11:39:20.599 [main] DEBUG org.apache.http.impl.client.DefaultHttpClient - Connection can be kept alive indefinitely
11:39:20.604 [main] DEBUG io.restassured.internal.RestAssuredHttpBuilder - Parsing response as: application/json; charset=utf-8
11:39:20.604 [main] DEBUG io.restassured.internal.RestAssuredHttpBuilder - Parsed data to instance of: class org.apache.http.conn.EofSensorInputStream
11:39:20.635 [main] DEBUG org.apache.http.wire -  << "{"id":21}"
11:39:20.635 [main] DEBUG org.apache.http.impl.conn.BasicClientConnectionManager - Releasing connection org.apache.http.impl.conn.ManagedClientConnectionImpl@6a552721
11:39:20.635 [main] DEBUG org.apache.http.impl.conn.BasicClientConnectionManager - Connection can be kept alive indefinitely
HTTP/1.1 200 OK
Date: Fri, 02 Jun 2023 06:09:20 GMT
Content-Type: application/json; charset=utf-8
Content-Length: 9
Connection: keep-alive
Access-Control-Allow-Origin: *
Etag: W/"9-YMkvF/wJa2P/mVmfWcyTuUjssI8"
X-Powered-By: Express
CF-Cache-Status: DYNAMIC
Report-To: {"endpoints":[{"url":"https:\/\/a.nel.cloudflare.com\/report\/v3?s=1uRyE32CX5xF%2FdZ228J0sVtvwD%2Fq2B5VZHrPvAyyKy30LkVY%2BATNxDc2Tc1xmgViW4oHTgdBR33jPf1GYi8Wvdn1VhE9I3lkZvCWZL9fZDm893Cy9kfCXjWF4Dk5E20CjovT"}],"group":"cf-nel","max_age":604800}
NEL: {"success_fraction":0,"report_to":"cf-nel","max_age":604800}
Server: cloudflare
CF-RAY: 7d0d86e4adb740f0-SIN
alt-svc: h3=":443"; ma=86400

{
    "id": 21
}
11:39:20.711 [main] DEBUG net.thucydides.core.steps.StepInterceptor - STEP DONE: This is to create product with Title:{0} and price:{1}
{id=21}
]]></system-out>
  </testcase>
  <testcase name="test002" classname="com.serenity.junit.CRUD_Test" time="0.798">
    <system-out><![CDATA[11:39:20.761 [main] INFO  - 
  _____   ___   ___   _____     ___     _     ___   ___   ___   ___  
 |_   _| | __| / __| |_   _|   | _ \   /_\   / __| / __| | __| |   \ 
   | |   | _|  \__ \   | |     |  _/  / _ \  \__ \ \__ \ | _|  | |) |
   |_|   |___| |___/   |_|     |_|   /_/ \_\ |___/ |___/ |___| |___/ 

This is to create a product
----------------------------------------------------------------------
11:39:20.771 [main] INFO  - 
  _____   ___   ___   _____     ___   _____     _     ___   _____   ___   ___  
 |_   _| | __| / __| |_   _|   / __| |_   _|   /_\   | _ \ |_   _| | __| |   \ 
   | |   | _|  \__ \   | |     \__ \   | |    / _ \  |   /   | |   | _|  | |) |
   |_|   |___| |___/   |_|     |___/   |_|   /_/ \_\ |_|_\   |_|   |___| |___/ 

test002
--------------------------------------------------------------------------------
11:39:20.783 [main] DEBUG net.thucydides.core.steps.StepInterceptor - STARTING STEP: CRUD_Test.test002 - This is to get product with productId:{0}
Request method:	GET
Request URI:	https://fakestoreapi.com/products/20
Proxy:			<none>
Request params:	<none>
Query params:	<none>
Form params:	<none>
Path params:	<none>
Headers:		Accept=*/*
Cookies:		<none>
Multiparts:		<none>
Body:			<none>
11:39:20.832 [main] DEBUG org.apache.http.impl.conn.BasicClientConnectionManager - Get connection for route {s}->https://fakestoreapi.com:443
11:39:20.832 [main] DEBUG org.apache.http.impl.conn.DefaultClientConnectionOperator - Connecting to fakestoreapi.com:443
11:39:20.991 [main] DEBUG org.apache.http.client.protocol.RequestAddCookies - CookieSpec selected: ignoreCookies
11:39:20.991 [main] DEBUG org.apache.http.client.protocol.RequestAuthCache - Auth cache not set in the context
11:39:20.991 [main] DEBUG org.apache.http.client.protocol.RequestTargetAuthentication - Target auth state: UNCHALLENGED
11:39:20.991 [main] DEBUG org.apache.http.client.protocol.RequestProxyAuthentication - Proxy auth state: UNCHALLENGED
11:39:20.991 [main] DEBUG org.apache.http.impl.client.DefaultHttpClient - Attempt 1 to execute request
11:39:20.991 [main] DEBUG org.apache.http.impl.conn.DefaultClientConnection - Sending request: GET /products/20 HTTP/1.1
11:39:20.991 [main] DEBUG org.apache.http.wire -  >> "GET /products/20 HTTP/1.1[\r][\n]"
11:39:20.991 [main] DEBUG org.apache.http.wire -  >> "Accept: */*[\r][\n]"
11:39:20.991 [main] DEBUG org.apache.http.wire -  >> "Host: fakestoreapi.com[\r][\n]"
11:39:20.991 [main] DEBUG org.apache.http.wire -  >> "Connection: Keep-Alive[\r][\n]"
11:39:20.991 [main] DEBUG org.apache.http.wire -  >> "User-Agent: Apache-HttpClient/4.5.13 (Java/17.0.6)[\r][\n]"
11:39:20.991 [main] DEBUG org.apache.http.wire -  >> "Accept-Encoding: gzip,deflate[\r][\n]"
11:39:20.991 [main] DEBUG org.apache.http.wire -  >> "[\r][\n]"
11:39:20.991 [main] DEBUG org.apache.http.headers - >> GET /products/20 HTTP/1.1
11:39:20.991 [main] DEBUG org.apache.http.headers - >> Accept: */*
11:39:20.992 [main] DEBUG org.apache.http.headers - >> Host: fakestoreapi.com
11:39:20.992 [main] DEBUG org.apache.http.headers - >> Connection: Keep-Alive
11:39:20.992 [main] DEBUG org.apache.http.headers - >> User-Agent: Apache-HttpClient/4.5.13 (Java/17.0.6)
11:39:20.992 [main] DEBUG org.apache.http.headers - >> Accept-Encoding: gzip,deflate
11:39:21.517 [main] DEBUG org.apache.http.wire -  << "HTTP/1.1 200 OK[\r][\n]"
11:39:21.517 [main] DEBUG org.apache.http.wire -  << "Date: Fri, 02 Jun 2023 06:09:21 GMT[\r][\n]"
11:39:21.517 [main] DEBUG org.apache.http.wire -  << "Content-Type: application/json; charset=utf-8[\r][\n]"
11:39:21.517 [main] DEBUG org.apache.http.wire -  << "Transfer-Encoding: chunked[\r][\n]"
11:39:21.517 [main] DEBUG org.apache.http.wire -  << "Connection: keep-alive[\r][\n]"
11:39:21.517 [main] DEBUG org.apache.http.wire -  << "Access-Control-Allow-Origin: *[\r][\n]"
11:39:21.517 [main] DEBUG org.apache.http.wire -  << "Etag: W/"1b6-PbqrboFUkCt99wYzRfSWdLWy/NY"[\r][\n]"
11:39:21.517 [main] DEBUG org.apache.http.wire -  << "X-Powered-By: Express[\r][\n]"
11:39:21.518 [main] DEBUG org.apache.http.wire -  << "CF-Cache-Status: DYNAMIC[\r][\n]"
11:39:21.518 [main] DEBUG org.apache.http.wire -  << "Report-To: {"endpoints":[{"url":"https:\/\/a.nel.cloudflare.com\/report\/v3?s=GNUfy98r%2FcLksBymRzGpc4GHU7grnFuZLeuA0oW8%2FGJZGG2dMfVj3czbsfjrjID%2FdvvbfBMhDggjkDDS4JQjeXpM6QVkqEve4DbVykiXx%2B%2Bq3Cul%2Bg0VHo15VHhdu4Zt751t"}],"group":"cf-nel","max_age":604800}[\r][\n]"
11:39:21.518 [main] DEBUG org.apache.http.wire -  << "NEL: {"success_fraction":0,"report_to":"cf-nel","max_age":604800}[\r][\n]"
11:39:21.518 [main] DEBUG org.apache.http.wire -  << "Server: cloudflare[\r][\n]"
11:39:21.518 [main] DEBUG org.apache.http.wire -  << "CF-RAY: 7d0d86ea7d0040d2-SIN[\r][\n]"
11:39:21.518 [main] DEBUG org.apache.http.wire -  << "Content-Encoding: gzip[\r][\n]"
11:39:21.518 [main] DEBUG org.apache.http.wire -  << "alt-svc: h3=":443"; ma=86400[\r][\n]"
11:39:21.518 [main] DEBUG org.apache.http.wire -  << "[\r][\n]"
11:39:21.518 [main] DEBUG org.apache.http.impl.conn.DefaultClientConnection - Receiving response: HTTP/1.1 200 OK
11:39:21.518 [main] DEBUG org.apache.http.headers - << HTTP/1.1 200 OK
11:39:21.518 [main] DEBUG org.apache.http.headers - << Date: Fri, 02 Jun 2023 06:09:21 GMT
11:39:21.518 [main] DEBUG org.apache.http.headers - << Content-Type: application/json; charset=utf-8
11:39:21.518 [main] DEBUG org.apache.http.headers - << Transfer-Encoding: chunked
11:39:21.518 [main] DEBUG org.apache.http.headers - << Connection: keep-alive
11:39:21.518 [main] DEBUG org.apache.http.headers - << Access-Control-Allow-Origin: *
11:39:21.518 [main] DEBUG org.apache.http.headers - << Etag: W/"1b6-PbqrboFUkCt99wYzRfSWdLWy/NY"
11:39:21.518 [main] DEBUG org.apache.http.headers - << X-Powered-By: Express
11:39:21.518 [main] DEBUG org.apache.http.headers - << CF-Cache-Status: DYNAMIC
11:39:21.518 [main] DEBUG org.apache.http.headers - << Report-To: {"endpoints":[{"url":"https:\/\/a.nel.cloudflare.com\/report\/v3?s=GNUfy98r%2FcLksBymRzGpc4GHU7grnFuZLeuA0oW8%2FGJZGG2dMfVj3czbsfjrjID%2FdvvbfBMhDggjkDDS4JQjeXpM6QVkqEve4DbVykiXx%2B%2Bq3Cul%2Bg0VHo15VHhdu4Zt751t"}],"group":"cf-nel","max_age":604800}
11:39:21.518 [main] DEBUG org.apache.http.headers - << NEL: {"success_fraction":0,"report_to":"cf-nel","max_age":604800}
11:39:21.518 [main] DEBUG org.apache.http.headers - << Server: cloudflare
11:39:21.518 [main] DEBUG org.apache.http.headers - << CF-RAY: 7d0d86ea7d0040d2-SIN
11:39:21.518 [main] DEBUG org.apache.http.headers - << Content-Encoding: gzip
11:39:21.518 [main] DEBUG org.apache.http.headers - << alt-svc: h3=":443"; ma=86400
11:39:21.523 [main] DEBUG org.apache.http.impl.client.DefaultHttpClient - Connection can be kept alive indefinitely
11:39:21.523 [main] DEBUG io.restassured.internal.RestAssuredHttpBuilder - Parsing response as: application/json; charset=utf-8
11:39:21.524 [main] DEBUG org.apache.http.wire -  << "161[\r][\n]"
11:39:21.525 [main] DEBUG org.apache.http.wire -  << "[0x1f][0x8b][0x8][0x0][0x0][0x0][0x0][0x0][0x0][0x3]4[0x90][0xd1]N[0x1b]1[0x10]Ee4[0x12][0xea][0x8b]Y7@R[0xc5]oi[0x0]!D[0x13]$[0x7]h[0x9f]"[0xd7][0x99]][0xf][0xac][0xed][0x95]=[@([0xff]^[0xad]h[0xdf][0xee][0x95][0xae][0xce][0x95][0xce][0x7][0xf2][0x1][0xcd][0xd9]W[0x85][0xc2][0xd2][0x13][0x1a][0xbc]\m[0x1e][0xb7][0xf][0xbf][0xe0])GJ[0x15]v`[0x3][0x17][0x81][0xb5][0xab][0xa3][0xeb]a[0x9d]Er[0x2][0x1b]r[0x11]T8[0x14][0xf6][0x84]fv[0xd6],[0x97][\n]"
11:39:21.525 [main] DEBUG org.apache.http.wire -  << "[0xf]T}[0xe1]A8'4[0xb8][0x9c][0x9f]|[0xae][0xd5][0xfc][0xc4][0xe].[0x1d][0xe8]M[0xc1]59[0x19][0xb]U[0xf3][0xf][0xa8]>Q`{[0xa2]?[0xa4][0xe0][0x8e]D[0xa8][0xc0]}[0xe1]$[0xea][0xf1]tC[0xfe]E][0xbb][0x1a]8'[0xd8][0x11]U[0x5][0xbb]@[0xd0][0xba][0xdf][0x85]=p[0x85][0x9a][[0x1][0x97][0xe][0x10][0xdc]T"A[0x95]B[0xe2]C[0xa3]`[0xeb][0xbd][0xab][0x9c][0xd3][0xff]/[0xbd]m[[0xf6][0xa4][0xbf][0x93][0xf3]A[[0x1f]r[0xee][0xf5]M[0x8e][0xa4][0xad][0x14]"i[0xc0][0x92][0xab][0xd3][0xde][0xe][0x85]S[0xa7][0xec][0x18]#[0x15][0xb5][0x1a]e[0x8c]I=q[0x12]*[\r]*[0xf4]N[0xa8][0xcb][0xe5][0x1d][\r][0xbe]N[0x96][0xbe]T[0xf0]}[0x96][0xc0][0xa9]C[0x85][0x1c]]7[0x89][0xc]"C5Z[0xb7][0xee][0x85][0xaa][0xe4]Bn[0xe0][0xc6][0xe7][0xa8]9vz1[0x1b]nVW[0xb7][0x17][0x9b][0x1f]w[0xcd]~[0xb5][0xde]?[0xfc]\|[[0xee][0x9b][0xe7]a"[0x14]'[0x13][0xca]|L[0x89][0xd0][0x9c]7[0xb][0x85]>[0x8f]I[0xd0][0xcc].[0xe6][0xc7][0xe3]_[0x0][0x0][0x0][0xff][0xff][0x3][0x0][0xa6][0xb7][0xe2][0x3][0xb6][0x1][0x0][0x0]"
11:39:21.525 [main] DEBUG org.apache.http.wire -  << "[\r][\n]"
11:39:21.525 [main] DEBUG org.apache.http.wire -  << "0[\r][\n]"
11:39:21.525 [main] DEBUG org.apache.http.wire -  << "[\r][\n]"
11:39:21.525 [main] DEBUG io.restassured.internal.RestAssuredHttpBuilder - Parsed data to instance of: class org.apache.http.conn.EofSensorInputStream
11:39:21.528 [main] DEBUG org.apache.http.impl.conn.BasicClientConnectionManager - Releasing connection org.apache.http.impl.conn.ManagedClientConnectionImpl@4910afdf
11:39:21.528 [main] DEBUG org.apache.http.impl.conn.BasicClientConnectionManager - Connection can be kept alive indefinitely
HTTP/1.1 200 OK
Date: Fri, 02 Jun 2023 06:09:21 GMT
Content-Type: application/json; charset=utf-8
Transfer-Encoding: chunked
Connection: keep-alive
Access-Control-Allow-Origin: *
Etag: W/"1b6-PbqrboFUkCt99wYzRfSWdLWy/NY"
X-Powered-By: Express
CF-Cache-Status: DYNAMIC
Report-To: {"endpoints":[{"url":"https:\/\/a.nel.cloudflare.com\/report\/v3?s=GNUfy98r%2FcLksBymRzGpc4GHU7grnFuZLeuA0oW8%2FGJZGG2dMfVj3czbsfjrjID%2FdvvbfBMhDggjkDDS4JQjeXpM6QVkqEve4DbVykiXx%2B%2Bq3Cul%2Bg0VHo15VHhdu4Zt751t"}],"group":"cf-nel","max_age":604800}
NEL: {"success_fraction":0,"report_to":"cf-nel","max_age":604800}
Server: cloudflare
CF-RAY: 7d0d86ea7d0040d2-SIN
Content-Encoding: gzip
alt-svc: h3=":443"; ma=86400

{
    "id": 20,
    "title": "DANVOUY Womens T Shirt Casual Cotton Short",
    "price": 12.99,
    "description": "95%Cotton,5%Spandex, Features: Casual, Short Sleeve, Letter Print,V-Neck,Fashion Tees, The fabric is soft and has some stretch., Occasion: Casual/Office/Beach/School/Home/Street. Season: Spring,Summer,Autumn,Winter.",
    "category": "women's clothing",
    "image": "https://fakestoreapi.com/img/61pHAEJ4NML._AC_UX679_.jpg",
    "rating": {
        "rate": 3.6,
        "count": 145
    }
}
11:39:21.563 [main] DEBUG net.thucydides.core.steps.StepInterceptor - STEP DONE: This is to get product with productId:{0}
Title:-DANVOUY Womens T Shirt Casual Cotton Short Rating: 3.6
]]></system-out>
  </testcase>
  <testcase name="test003" classname="com.serenity.junit.CRUD_Test" time="1.33">
    <system-out><![CDATA[11:39:21.568 [main] INFO  - 
  _____   ___   ___   _____     ___     _     ___   ___   ___   ___  
 |_   _| | __| / __| |_   _|   | _ \   /_\   / __| / __| | __| |   \ 
   | |   | _|  \__ \   | |     |  _/  / _ \  \__ \ \__ \ | _|  | |) |
   |_|   |___| |___/   |_|     |_|   /_/ \_\ |___/ |___/ |___| |___/ 

This is to get a product
----------------------------------------------------------------------
11:39:21.571 [main] INFO  - 
  _____   ___   ___   _____     ___   _____     _     ___   _____   ___   ___  
 |_   _| | __| / __| |_   _|   / __| |_   _|   /_\   | _ \ |_   _| | __| |   \ 
   | |   | _|  \__ \   | |     \__ \   | |    / _ \  |   /   | |   | _|  | |) |
   |_|   |___| |___/   |_|     |___/   |_|   /_/ \_\ |_|_\   |_|   |___| |___/ 

test003
--------------------------------------------------------------------------------
Request method:	PUT
Request URI:	https://fakestoreapi.com/products/20
Proxy:			<none>
Request params:	<none>
Query params:	<none>
Form params:	<none>
Path params:	<none>
Headers:		Accept=*/*
				Content-Type=text/plain; charset=ISO-8859-1
Cookies:		<none>
Multiparts:		<none>
Body:
{"title":"test product","price":100.5,"description":"lorem ipsum set","image":"https://i.pravatar.cc","category":"Beauty"}
11:39:21.611 [main] DEBUG org.apache.http.impl.conn.BasicClientConnectionManager - Get connection for route {s}->https://fakestoreapi.com:443
11:39:21.611 [main] DEBUG org.apache.http.impl.conn.DefaultClientConnectionOperator - Connecting to fakestoreapi.com:443
11:39:21.714 [main] DEBUG org.apache.http.client.protocol.RequestAddCookies - CookieSpec selected: ignoreCookies
11:39:21.714 [main] DEBUG org.apache.http.client.protocol.RequestAuthCache - Auth cache not set in the context
11:39:21.714 [main] DEBUG org.apache.http.client.protocol.RequestTargetAuthentication - Target auth state: UNCHALLENGED
11:39:21.714 [main] DEBUG org.apache.http.client.protocol.RequestProxyAuthentication - Proxy auth state: UNCHALLENGED
11:39:21.714 [main] DEBUG org.apache.http.impl.client.DefaultHttpClient - Attempt 1 to execute request
11:39:21.714 [main] DEBUG org.apache.http.impl.conn.DefaultClientConnection - Sending request: PUT /products/20 HTTP/1.1
11:39:21.714 [main] DEBUG org.apache.http.wire -  >> "PUT /products/20 HTTP/1.1[\r][\n]"
11:39:21.714 [main] DEBUG org.apache.http.wire -  >> "Accept: */*[\r][\n]"
11:39:21.714 [main] DEBUG org.apache.http.wire -  >> "Content-Type: text/plain; charset=ISO-8859-1[\r][\n]"
11:39:21.714 [main] DEBUG org.apache.http.wire -  >> "Content-Length: 122[\r][\n]"
11:39:21.714 [main] DEBUG org.apache.http.wire -  >> "Host: fakestoreapi.com[\r][\n]"
11:39:21.714 [main] DEBUG org.apache.http.wire -  >> "Connection: Keep-Alive[\r][\n]"
11:39:21.715 [main] DEBUG org.apache.http.wire -  >> "User-Agent: Apache-HttpClient/4.5.13 (Java/17.0.6)[\r][\n]"
11:39:21.715 [main] DEBUG org.apache.http.wire -  >> "Accept-Encoding: gzip,deflate[\r][\n]"
11:39:21.715 [main] DEBUG org.apache.http.wire -  >> "[\r][\n]"
11:39:21.715 [main] DEBUG org.apache.http.headers - >> PUT /products/20 HTTP/1.1
11:39:21.715 [main] DEBUG org.apache.http.headers - >> Accept: */*
11:39:21.715 [main] DEBUG org.apache.http.headers - >> Content-Type: text/plain; charset=ISO-8859-1
11:39:21.715 [main] DEBUG org.apache.http.headers - >> Content-Length: 122
11:39:21.715 [main] DEBUG org.apache.http.headers - >> Host: fakestoreapi.com
11:39:21.715 [main] DEBUG org.apache.http.headers - >> Connection: Keep-Alive
11:39:21.715 [main] DEBUG org.apache.http.headers - >> User-Agent: Apache-HttpClient/4.5.13 (Java/17.0.6)
11:39:21.715 [main] DEBUG org.apache.http.headers - >> Accept-Encoding: gzip,deflate
11:39:21.715 [main] DEBUG org.apache.http.wire -  >> "{"title":"test product","price":100.5,"description":"lorem ipsum set","image":"https://i.pravatar.cc","category":"Beauty"}"
11:39:22.245 [main] DEBUG org.apache.http.wire -  << "HTTP/1.1 200 OK[\r][\n]"
11:39:22.245 [main] DEBUG org.apache.http.wire -  << "Date: Fri, 02 Jun 2023 06:09:22 GMT[\r][\n]"
11:39:22.245 [main] DEBUG org.apache.http.wire -  << "Content-Type: application/json; charset=utf-8[\r][\n]"
11:39:22.245 [main] DEBUG org.apache.http.wire -  << "Content-Length: 9[\r][\n]"
11:39:22.245 [main] DEBUG org.apache.http.wire -  << "Connection: keep-alive[\r][\n]"
11:39:22.245 [main] DEBUG org.apache.http.wire -  << "Access-Control-Allow-Origin: *[\r][\n]"
11:39:22.245 [main] DEBUG org.apache.http.wire -  << "Etag: W/"9-yCsLoUbVLWZbDMBqa9+3alohzr0"[\r][\n]"
11:39:22.245 [main] DEBUG org.apache.http.wire -  << "X-Powered-By: Express[\r][\n]"
11:39:22.245 [main] DEBUG org.apache.http.wire -  << "CF-Cache-Status: DYNAMIC[\r][\n]"
11:39:22.245 [main] DEBUG org.apache.http.wire -  << "Report-To: {"endpoints":[{"url":"https:\/\/a.nel.cloudflare.com\/report\/v3?s=uNBB5OtecYKktoGwhgJsvTyEb8zJvFkEJXXOKZH637hQADHfaRd2iTQ6PoRN1Vi%2BTIMeSvejC1%2FDudKrYV3ltaYniz%2BKunaPsc044uWoIoOmQvujpRsmQK0HM7%2Bz8G0TzWJW"}],"group":"cf-nel","max_age":604800}[\r][\n]"
11:39:22.245 [main] DEBUG org.apache.http.wire -  << "NEL: {"success_fraction":0,"report_to":"cf-nel","max_age":604800}[\r][\n]"
11:39:22.245 [main] DEBUG org.apache.http.wire -  << "Server: cloudflare[\r][\n]"
11:39:22.245 [main] DEBUG org.apache.http.wire -  << "CF-RAY: 7d0d86eefeb74018-SIN[\r][\n]"
11:39:22.245 [main] DEBUG org.apache.http.wire -  << "alt-svc: h3=":443"; ma=86400[\r][\n]"
11:39:22.246 [main] DEBUG org.apache.http.wire -  << "[\r][\n]"
11:39:22.246 [main] DEBUG org.apache.http.impl.conn.DefaultClientConnection - Receiving response: HTTP/1.1 200 OK
11:39:22.246 [main] DEBUG org.apache.http.headers - << HTTP/1.1 200 OK
11:39:22.246 [main] DEBUG org.apache.http.headers - << Date: Fri, 02 Jun 2023 06:09:22 GMT
11:39:22.246 [main] DEBUG org.apache.http.headers - << Content-Type: application/json; charset=utf-8
11:39:22.246 [main] DEBUG org.apache.http.headers - << Content-Length: 9
11:39:22.246 [main] DEBUG org.apache.http.headers - << Connection: keep-alive
11:39:22.246 [main] DEBUG org.apache.http.headers - << Access-Control-Allow-Origin: *
11:39:22.246 [main] DEBUG org.apache.http.headers - << Etag: W/"9-yCsLoUbVLWZbDMBqa9+3alohzr0"
11:39:22.246 [main] DEBUG org.apache.http.headers - << X-Powered-By: Express
11:39:22.246 [main] DEBUG org.apache.http.headers - << CF-Cache-Status: DYNAMIC
11:39:22.246 [main] DEBUG org.apache.http.headers - << Report-To: {"endpoints":[{"url":"https:\/\/a.nel.cloudflare.com\/report\/v3?s=uNBB5OtecYKktoGwhgJsvTyEb8zJvFkEJXXOKZH637hQADHfaRd2iTQ6PoRN1Vi%2BTIMeSvejC1%2FDudKrYV3ltaYniz%2BKunaPsc044uWoIoOmQvujpRsmQK0HM7%2Bz8G0TzWJW"}],"group":"cf-nel","max_age":604800}
11:39:22.246 [main] DEBUG org.apache.http.headers - << NEL: {"success_fraction":0,"report_to":"cf-nel","max_age":604800}
11:39:22.246 [main] DEBUG org.apache.http.headers - << Server: cloudflare
11:39:22.246 [main] DEBUG org.apache.http.headers - << CF-RAY: 7d0d86eefeb74018-SIN
11:39:22.246 [main] DEBUG org.apache.http.headers - << alt-svc: h3=":443"; ma=86400
11:39:22.246 [main] DEBUG org.apache.http.impl.client.DefaultHttpClient - Connection can be kept alive indefinitely
11:39:22.246 [main] DEBUG io.restassured.internal.RestAssuredHttpBuilder - Parsing response as: application/json; charset=utf-8
11:39:22.246 [main] DEBUG io.restassured.internal.RestAssuredHttpBuilder - Parsed data to instance of: class org.apache.http.conn.EofSensorInputStream
11:39:22.248 [main] DEBUG org.apache.http.wire -  << "{"id":20}"
11:39:22.248 [main] DEBUG org.apache.http.impl.conn.BasicClientConnectionManager - Releasing connection org.apache.http.impl.conn.ManagedClientConnectionImpl@5cf072ea
11:39:22.248 [main] DEBUG org.apache.http.impl.conn.BasicClientConnectionManager - Connection can be kept alive indefinitely
HTTP/1.1 200 OK
Date: Fri, 02 Jun 2023 06:09:22 GMT
Content-Type: application/json; charset=utf-8
Content-Length: 9
Connection: keep-alive
Access-Control-Allow-Origin: *
Etag: W/"9-yCsLoUbVLWZbDMBqa9+3alohzr0"
X-Powered-By: Express
CF-Cache-Status: DYNAMIC
Report-To: {"endpoints":[{"url":"https:\/\/a.nel.cloudflare.com\/report\/v3?s=uNBB5OtecYKktoGwhgJsvTyEb8zJvFkEJXXOKZH637hQADHfaRd2iTQ6PoRN1Vi%2BTIMeSvejC1%2FDudKrYV3ltaYniz%2BKunaPsc044uWoIoOmQvujpRsmQK0HM7%2Bz8G0TzWJW"}],"group":"cf-nel","max_age":604800}
NEL: {"success_fraction":0,"report_to":"cf-nel","max_age":604800}
Server: cloudflare
CF-RAY: 7d0d86eefeb74018-SIN
alt-svc: h3=":443"; ma=86400

{
    "id": 20
}
11:39:22.263 [main] DEBUG org.apache.http.impl.conn.BasicClientConnectionManager - Get connection for route {s}->https://fakestoreapi.com:443
11:39:22.263 [main] DEBUG org.apache.http.impl.conn.DefaultClientConnectionOperator - Connecting to fakestoreapi.com:443
11:39:22.366 [main] DEBUG org.apache.http.client.protocol.RequestAddCookies - CookieSpec selected: ignoreCookies
11:39:22.366 [main] DEBUG org.apache.http.client.protocol.RequestAuthCache - Auth cache not set in the context
11:39:22.366 [main] DEBUG org.apache.http.client.protocol.RequestTargetAuthentication - Target auth state: UNCHALLENGED
11:39:22.366 [main] DEBUG org.apache.http.client.protocol.RequestProxyAuthentication - Proxy auth state: UNCHALLENGED
11:39:22.366 [main] DEBUG org.apache.http.impl.client.DefaultHttpClient - Attempt 1 to execute request
11:39:22.366 [main] DEBUG org.apache.http.impl.conn.DefaultClientConnection - Sending request: GET /products/20 HTTP/1.1
11:39:22.366 [main] DEBUG org.apache.http.wire -  >> "GET /products/20 HTTP/1.1[\r][\n]"
11:39:22.366 [main] DEBUG org.apache.http.wire -  >> "Accept: */*[\r][\n]"
11:39:22.366 [main] DEBUG org.apache.http.wire -  >> "Host: fakestoreapi.com[\r][\n]"
11:39:22.366 [main] DEBUG org.apache.http.wire -  >> "Connection: Keep-Alive[\r][\n]"
11:39:22.366 [main] DEBUG org.apache.http.wire -  >> "User-Agent: Apache-HttpClient/4.5.13 (Java/17.0.6)[\r][\n]"
11:39:22.366 [main] DEBUG org.apache.http.wire -  >> "Accept-Encoding: gzip,deflate[\r][\n]"
11:39:22.366 [main] DEBUG org.apache.http.wire -  >> "[\r][\n]"
11:39:22.366 [main] DEBUG org.apache.http.headers - >> GET /products/20 HTTP/1.1
11:39:22.366 [main] DEBUG org.apache.http.headers - >> Accept: */*
11:39:22.366 [main] DEBUG org.apache.http.headers - >> Host: fakestoreapi.com
11:39:22.366 [main] DEBUG org.apache.http.headers - >> Connection: Keep-Alive
11:39:22.366 [main] DEBUG org.apache.http.headers - >> User-Agent: Apache-HttpClient/4.5.13 (Java/17.0.6)
11:39:22.366 [main] DEBUG org.apache.http.headers - >> Accept-Encoding: gzip,deflate
11:39:22.891 [main] DEBUG org.apache.http.wire -  << "HTTP/1.1 200 OK[\r][\n]"
11:39:22.891 [main] DEBUG org.apache.http.wire -  << "Date: Fri, 02 Jun 2023 06:09:22 GMT[\r][\n]"
11:39:22.891 [main] DEBUG org.apache.http.wire -  << "Content-Type: application/json; charset=utf-8[\r][\n]"
11:39:22.891 [main] DEBUG org.apache.http.wire -  << "Transfer-Encoding: chunked[\r][\n]"
11:39:22.891 [main] DEBUG org.apache.http.wire -  << "Connection: keep-alive[\r][\n]"
11:39:22.891 [main] DEBUG org.apache.http.wire -  << "Access-Control-Allow-Origin: *[\r][\n]"
11:39:22.891 [main] DEBUG org.apache.http.wire -  << "Etag: W/"1b6-PbqrboFUkCt99wYzRfSWdLWy/NY"[\r][\n]"
11:39:22.891 [main] DEBUG org.apache.http.wire -  << "X-Powered-By: Express[\r][\n]"
11:39:22.891 [main] DEBUG org.apache.http.wire -  << "CF-Cache-Status: DYNAMIC[\r][\n]"
11:39:22.891 [main] DEBUG org.apache.http.wire -  << "Report-To: {"endpoints":[{"url":"https:\/\/a.nel.cloudflare.com\/report\/v3?s=aoFMu4aPGrfYjYgDgP6oKocFXA8QZ5XdiWSbGnjjGmWE03O%2BDLX5n7gAI%2Bz9z9GqxhcLCgoGfQDR0K6efwwF%2FYWGSwHzr6jhJWvhsKBNPM3ALghY7VzHO6dOUtow29oHC%2FL%2F"}],"group":"cf-nel","max_age":604800}[\r][\n]"
11:39:22.891 [main] DEBUG org.apache.http.wire -  << "NEL: {"success_fraction":0,"report_to":"cf-nel","max_age":604800}[\r][\n]"
11:39:22.891 [main] DEBUG org.apache.http.wire -  << "Server: cloudflare[\r][\n]"
11:39:22.891 [main] DEBUG org.apache.http.wire -  << "CF-RAY: 7d0d86f3085501cd-SIN[\r][\n]"
11:39:22.891 [main] DEBUG org.apache.http.wire -  << "Content-Encoding: gzip[\r][\n]"
11:39:22.891 [main] DEBUG org.apache.http.wire -  << "alt-svc: h3=":443"; ma=86400[\r][\n]"
11:39:22.891 [main] DEBUG org.apache.http.wire -  << "[\r][\n]"
11:39:22.891 [main] DEBUG org.apache.http.impl.conn.DefaultClientConnection - Receiving response: HTTP/1.1 200 OK
11:39:22.891 [main] DEBUG org.apache.http.headers - << HTTP/1.1 200 OK
11:39:22.891 [main] DEBUG org.apache.http.headers - << Date: Fri, 02 Jun 2023 06:09:22 GMT
11:39:22.891 [main] DEBUG org.apache.http.headers - << Content-Type: application/json; charset=utf-8
11:39:22.891 [main] DEBUG org.apache.http.headers - << Transfer-Encoding: chunked
11:39:22.891 [main] DEBUG org.apache.http.headers - << Connection: keep-alive
11:39:22.892 [main] DEBUG org.apache.http.headers - << Access-Control-Allow-Origin: *
11:39:22.892 [main] DEBUG org.apache.http.headers - << Etag: W/"1b6-PbqrboFUkCt99wYzRfSWdLWy/NY"
11:39:22.892 [main] DEBUG org.apache.http.headers - << X-Powered-By: Express
11:39:22.892 [main] DEBUG org.apache.http.headers - << CF-Cache-Status: DYNAMIC
11:39:22.892 [main] DEBUG org.apache.http.headers - << Report-To: {"endpoints":[{"url":"https:\/\/a.nel.cloudflare.com\/report\/v3?s=aoFMu4aPGrfYjYgDgP6oKocFXA8QZ5XdiWSbGnjjGmWE03O%2BDLX5n7gAI%2Bz9z9GqxhcLCgoGfQDR0K6efwwF%2FYWGSwHzr6jhJWvhsKBNPM3ALghY7VzHO6dOUtow29oHC%2FL%2F"}],"group":"cf-nel","max_age":604800}
11:39:22.892 [main] DEBUG org.apache.http.headers - << NEL: {"success_fraction":0,"report_to":"cf-nel","max_age":604800}
11:39:22.892 [main] DEBUG org.apache.http.headers - << Server: cloudflare
11:39:22.892 [main] DEBUG org.apache.http.headers - << CF-RAY: 7d0d86f3085501cd-SIN
11:39:22.892 [main] DEBUG org.apache.http.headers - << Content-Encoding: gzip
11:39:22.892 [main] DEBUG org.apache.http.headers - << alt-svc: h3=":443"; ma=86400
11:39:22.892 [main] DEBUG org.apache.http.impl.client.DefaultHttpClient - Connection can be kept alive indefinitely
11:39:22.892 [main] DEBUG io.restassured.internal.RestAssuredHttpBuilder - Parsing response as: application/json; charset=utf-8
11:39:22.892 [main] DEBUG org.apache.http.wire -  << "161[\r][\n]"
11:39:22.892 [main] DEBUG org.apache.http.wire -  << "[0x1f][0x8b][0x8][0x0][0x0][0x0][0x0][0x0][0x0][0x3]4[0x90][0xd1]N[0x1b]1[0x10]Ee4[0x12][0xea][0x8b]Y7@R[0xc5]oi[0x0]!D[0x13]$[0x7]h[0x9f]"[0xd7][0x99]][0xf][0xac][0xed][0x95]=[@([0xff]^[0xad]h[0xdf][0xee][0x95][0xae][0xce][0x95][0xce][0x7][0xf2][0x1][0xcd][0xd9]W[0x85][0xc2][0xd2][0x13][0x1a][0xbc]\m[0x1e][0xb7][0xf][0xbf][0xe0])GJ[0x15]v`[0x3][0x17][0x81][0xb5][0xab][0xa3][0xeb]a[0x9d]Er[0x2][0x1b]r[0x11]T8[0x14][0xf6][0x84]fv[0xd6],[0x97][\n]"
11:39:22.893 [main] DEBUG org.apache.http.wire -  << "[0xf]T}[0xe1]A8'4[0xb8][0x9c][0x9f]|[0xae][0xd5][0xfc][0xc4][0xe].[0x1d][0xe8]M[0xc1]59[0x19][0xb]U[0xf3][0xf][0xa8]>Q`{[0xa2]?[0xa4][0xe0][0x8e]D[0xa8][0xc0]}[0xe1]$[0xea][0xf1]tC[0xfe]E][0xbb][0x1a]8'[0xd8][0x11]U[0x5][0xbb]@[0xd0][0xba][0xdf][0x85]=p[0x85][0x9a][[0x1][0x97][0xe][0x10][0xdc]T"A[0x95]B[0xe2]C[0xa3]`[0xeb][0xbd][0xab][0x9c][0xd3][0xff]/[0xbd]m[[0xf6][0xa4][0xbf][0x93][0xf3]A[[0x1f]r[0xee][0xf5]M[0x8e][0xa4][0xad][0x14]"i[0xc0][0x92][0xab][0xd3][0xde][0xe][0x85]S[0xa7][0xec][0x18]#[0x15][0xb5][0x1a]e[0x8c]I=q[0x12]*[\r]*[0xf4]N[0xa8][0xcb][0xe5][0x1d][\r][0xbe]N[0x96][0xbe]T[0xf0]}[0x96][0xc0][0xa9]C[0x85][0x1c]]7[0x89][0xc]"C5Z[0xb7][0xee][0x85][0xaa][0xe4]Bn[0xe0][0xc6][0xe7][0xa8]9vz1[0x1b]nVW[0xb7][0x17][0x9b][0x1f]w[0xcd]~[0xb5][0xde]?[0xfc]\|[[0xee][0x9b][0xe7]a"[0x14]'[0x13][0xca]|L[0x89][0xd0][0x9c]7[0xb][0x85]>[0x8f]I[0xd0][0xcc].[0xe6][0xc7][0xe3]_[0x0][0x0][0x0][0xff][0xff][0x3][0x0][0xa6][0xb7][0xe2][0x3][0xb6][0x1][0x0][0x0]"
11:39:22.893 [main] DEBUG org.apache.http.wire -  << "[\r][\n]"
11:39:22.893 [main] DEBUG org.apache.http.wire -  << "0[\r][\n]"
11:39:22.893 [main] DEBUG org.apache.http.wire -  << "[\r][\n]"
11:39:22.893 [main] DEBUG io.restassured.internal.RestAssuredHttpBuilder - Parsed data to instance of: class org.apache.http.conn.EofSensorInputStream
11:39:22.895 [main] DEBUG org.apache.http.impl.conn.BasicClientConnectionManager - Releasing connection org.apache.http.impl.conn.ManagedClientConnectionImpl@552088cc
11:39:22.895 [main] DEBUG org.apache.http.impl.conn.BasicClientConnectionManager - Connection can be kept alive indefinitely
HTTP/1.1 200 OK
Date: Fri, 02 Jun 2023 06:09:22 GMT
Content-Type: application/json; charset=utf-8
Transfer-Encoding: chunked
Connection: keep-alive
Access-Control-Allow-Origin: *
Etag: W/"1b6-PbqrboFUkCt99wYzRfSWdLWy/NY"
X-Powered-By: Express
CF-Cache-Status: DYNAMIC
Report-To: {"endpoints":[{"url":"https:\/\/a.nel.cloudflare.com\/report\/v3?s=aoFMu4aPGrfYjYgDgP6oKocFXA8QZ5XdiWSbGnjjGmWE03O%2BDLX5n7gAI%2Bz9z9GqxhcLCgoGfQDR0K6efwwF%2FYWGSwHzr6jhJWvhsKBNPM3ALghY7VzHO6dOUtow29oHC%2FL%2F"}],"group":"cf-nel","max_age":604800}
NEL: {"success_fraction":0,"report_to":"cf-nel","max_age":604800}
Server: cloudflare
CF-RAY: 7d0d86f3085501cd-SIN
Content-Encoding: gzip
alt-svc: h3=":443"; ma=86400

{
    "id": 20,
    "title": "DANVOUY Womens T Shirt Casual Cotton Short",
    "price": 12.99,
    "description": "95%Cotton,5%Spandex, Features: Casual, Short Sleeve, Letter Print,V-Neck,Fashion Tees, The fabric is soft and has some stretch., Occasion: Casual/Office/Beach/School/Home/Street. Season: Spring,Summer,Autumn,Winter.",
    "category": "women's clothing",
    "image": "https://fakestoreapi.com/img/61pHAEJ4NML._AC_UX679_.jpg",
    "rating": {
        "rate": 3.6,
        "count": 145
    }
}
New Price is: 12.99 and new category is:women's clothing
]]></system-out>
  </testcase>
  <testcase name="test004" classname="com.serenity.junit.CRUD_Test" time="1.511">
    <system-out><![CDATA[11:39:22.902 [main] INFO  - 
  _____   ___   ___   _____     ___     _     ___   ___   ___   ___  
 |_   _| | __| / __| |_   _|   | _ \   /_\   / __| / __| | __| |   \ 
   | |   | _|  \__ \   | |     |  _/  / _ \  \__ \ \__ \ | _|  | |) |
   |_|   |___| |___/   |_|     |_|   /_/ \_\ |___/ |___/ |___| |___/ 

This is to update a product
----------------------------------------------------------------------
11:39:22.905 [main] INFO  - 
  _____   ___   ___   _____     ___   _____     _     ___   _____   ___   ___  
 |_   _| | __| / __| |_   _|   / __| |_   _|   /_\   | _ \ |_   _| | __| |   \ 
   | |   | _|  \__ \   | |     \__ \   | |    / _ \  |   /   | |   | _|  | |) |
   |_|   |___| |___/   |_|     |___/   |_|   /_/ \_\ |_|_\   |_|   |___| |___/ 

test004
--------------------------------------------------------------------------------
11:39:22.930 [main] DEBUG org.apache.http.impl.conn.BasicClientConnectionManager - Get connection for route {s}->https://fakestoreapi.com:443
11:39:22.930 [main] DEBUG org.apache.http.impl.conn.DefaultClientConnectionOperator - Connecting to fakestoreapi.com:443
11:39:23.030 [main] DEBUG org.apache.http.client.protocol.RequestAddCookies - CookieSpec selected: ignoreCookies
11:39:23.031 [main] DEBUG org.apache.http.client.protocol.RequestAuthCache - Auth cache not set in the context
11:39:23.031 [main] DEBUG org.apache.http.client.protocol.RequestTargetAuthentication - Target auth state: UNCHALLENGED
11:39:23.031 [main] DEBUG org.apache.http.client.protocol.RequestProxyAuthentication - Proxy auth state: UNCHALLENGED
11:39:23.031 [main] DEBUG org.apache.http.impl.client.DefaultHttpClient - Attempt 1 to execute request
11:39:23.031 [main] DEBUG org.apache.http.impl.conn.DefaultClientConnection - Sending request: DELETE /products/20 HTTP/1.1
11:39:23.031 [main] DEBUG org.apache.http.wire -  >> "DELETE /products/20 HTTP/1.1[\r][\n]"
11:39:23.031 [main] DEBUG org.apache.http.wire -  >> "Accept: */*[\r][\n]"
11:39:23.031 [main] DEBUG org.apache.http.wire -  >> "Host: fakestoreapi.com[\r][\n]"
11:39:23.031 [main] DEBUG org.apache.http.wire -  >> "Connection: Keep-Alive[\r][\n]"
11:39:23.031 [main] DEBUG org.apache.http.wire -  >> "User-Agent: Apache-HttpClient/4.5.13 (Java/17.0.6)[\r][\n]"
11:39:23.031 [main] DEBUG org.apache.http.wire -  >> "Accept-Encoding: gzip,deflate[\r][\n]"
11:39:23.031 [main] DEBUG org.apache.http.wire -  >> "[\r][\n]"
11:39:23.031 [main] DEBUG org.apache.http.headers - >> DELETE /products/20 HTTP/1.1
11:39:23.031 [main] DEBUG org.apache.http.headers - >> Accept: */*
11:39:23.031 [main] DEBUG org.apache.http.headers - >> Host: fakestoreapi.com
11:39:23.031 [main] DEBUG org.apache.http.headers - >> Connection: Keep-Alive
11:39:23.031 [main] DEBUG org.apache.http.headers - >> User-Agent: Apache-HttpClient/4.5.13 (Java/17.0.6)
11:39:23.031 [main] DEBUG org.apache.http.headers - >> Accept-Encoding: gzip,deflate
11:39:23.726 [main] DEBUG org.apache.http.wire -  << "HTTP/1.1 200 OK[\r][\n]"
11:39:23.726 [main] DEBUG org.apache.http.wire -  << "Date: Fri, 02 Jun 2023 06:09:23 GMT[\r][\n]"
11:39:23.726 [main] DEBUG org.apache.http.wire -  << "Content-Type: application/json; charset=utf-8[\r][\n]"
11:39:23.726 [main] DEBUG org.apache.http.wire -  << "Transfer-Encoding: chunked[\r][\n]"
11:39:23.726 [main] DEBUG org.apache.http.wire -  << "Connection: keep-alive[\r][\n]"
11:39:23.726 [main] DEBUG org.apache.http.wire -  << "Access-Control-Allow-Origin: *[\r][\n]"
11:39:23.726 [main] DEBUG org.apache.http.wire -  << "Etag: W/"1b6-PbqrboFUkCt99wYzRfSWdLWy/NY"[\r][\n]"
11:39:23.726 [main] DEBUG org.apache.http.wire -  << "X-Powered-By: Express[\r][\n]"
11:39:23.726 [main] DEBUG org.apache.http.wire -  << "CF-Cache-Status: DYNAMIC[\r][\n]"
11:39:23.726 [main] DEBUG org.apache.http.wire -  << "Report-To: {"endpoints":[{"url":"https:\/\/a.nel.cloudflare.com\/report\/v3?s=ihDH2Kzi%2F%2BSGKoLTX9%2FI0yODp3Zg73bwH2uMBkPAdnVQNq60tgVkKZpl3JdZ5UwcqGTJJDdGLzEb6x4oGT8Myrpq%2Fz5ww3AQYOlyH%2FJjsRJpT3PmslhjGuJygQdr8Lr5Mvwx"}],"group":"cf-nel","max_age":604800}[\r][\n]"
11:39:23.726 [main] DEBUG org.apache.http.wire -  << "NEL: {"success_fraction":0,"report_to":"cf-nel","max_age":604800}[\r][\n]"
11:39:23.726 [main] DEBUG org.apache.http.wire -  << "Server: cloudflare[\r][\n]"
11:39:23.726 [main] DEBUG org.apache.http.wire -  << "CF-RAY: 7d0d86f73e7f9faa-SIN[\r][\n]"
11:39:23.727 [main] DEBUG org.apache.http.wire -  << "Content-Encoding: gzip[\r][\n]"
11:39:23.727 [main] DEBUG org.apache.http.wire -  << "alt-svc: h3=":443"; ma=86400[\r][\n]"
11:39:23.727 [main] DEBUG org.apache.http.wire -  << "[\r][\n]"
11:39:23.727 [main] DEBUG org.apache.http.impl.conn.DefaultClientConnection - Receiving response: HTTP/1.1 200 OK
11:39:23.727 [main] DEBUG org.apache.http.headers - << HTTP/1.1 200 OK
11:39:23.727 [main] DEBUG org.apache.http.headers - << Date: Fri, 02 Jun 2023 06:09:23 GMT
11:39:23.727 [main] DEBUG org.apache.http.headers - << Content-Type: application/json; charset=utf-8
11:39:23.727 [main] DEBUG org.apache.http.headers - << Transfer-Encoding: chunked
11:39:23.727 [main] DEBUG org.apache.http.headers - << Connection: keep-alive
11:39:23.727 [main] DEBUG org.apache.http.headers - << Access-Control-Allow-Origin: *
11:39:23.727 [main] DEBUG org.apache.http.headers - << Etag: W/"1b6-PbqrboFUkCt99wYzRfSWdLWy/NY"
11:39:23.727 [main] DEBUG org.apache.http.headers - << X-Powered-By: Express
11:39:23.727 [main] DEBUG org.apache.http.headers - << CF-Cache-Status: DYNAMIC
11:39:23.727 [main] DEBUG org.apache.http.headers - << Report-To: {"endpoints":[{"url":"https:\/\/a.nel.cloudflare.com\/report\/v3?s=ihDH2Kzi%2F%2BSGKoLTX9%2FI0yODp3Zg73bwH2uMBkPAdnVQNq60tgVkKZpl3JdZ5UwcqGTJJDdGLzEb6x4oGT8Myrpq%2Fz5ww3AQYOlyH%2FJjsRJpT3PmslhjGuJygQdr8Lr5Mvwx"}],"group":"cf-nel","max_age":604800}
11:39:23.727 [main] DEBUG org.apache.http.headers - << NEL: {"success_fraction":0,"report_to":"cf-nel","max_age":604800}
11:39:23.727 [main] DEBUG org.apache.http.headers - << Server: cloudflare
11:39:23.727 [main] DEBUG org.apache.http.headers - << CF-RAY: 7d0d86f73e7f9faa-SIN
11:39:23.727 [main] DEBUG org.apache.http.headers - << Content-Encoding: gzip
11:39:23.727 [main] DEBUG org.apache.http.headers - << alt-svc: h3=":443"; ma=86400
11:39:23.727 [main] DEBUG org.apache.http.impl.client.DefaultHttpClient - Connection can be kept alive indefinitely
11:39:23.727 [main] DEBUG io.restassured.internal.RestAssuredHttpBuilder - Parsing response as: application/json; charset=utf-8
11:39:23.727 [main] DEBUG org.apache.http.wire -  << "161[\r][\n]"
11:39:23.727 [main] DEBUG org.apache.http.wire -  << "[0x1f][0x8b][0x8][0x0][0x0][0x0][0x0][0x0][0x0][0x3]4[0x90][0xd1]N[0x1b]1[0x10]Ee4[0x12][0xea][0x8b]Y7@R[0xc5]oi[0x0]!D[0x13]$[0x7]h[0x9f]"[0xd7][0x99]][0xf][0xac][0xed][0x95]=[@([0xff]^[0xad]h[0xdf][0xee][0x95][0xae][0xce][0x95][0xce][0x7][0xf2][0x1][0xcd][0xd9]W[0x85][0xc2][0xd2][0x13][0x1a][0xbc]\m[0x1e][0xb7][0xf][0xbf][0xe0])GJ[0x15]v`[0x3][0x17][0x81][0xb5][0xab][0xa3][0xeb]a[0x9d]Er[0x2][0x1b]r[0x11]T8[0x14][0xf6][0x84]fv[0xd6],[0x97][\n]"
11:39:23.727 [main] DEBUG org.apache.http.wire -  << "[0xf]T}[0xe1]A8'4[0xb8][0x9c][0x9f]|[0xae][0xd5][0xfc][0xc4][0xe].[0x1d][0xe8]M[0xc1]59[0x19][0xb]U[0xf3][0xf][0xa8]>Q`{[0xa2]?[0xa4][0xe0][0x8e]D[0xa8][0xc0]}[0xe1]$[0xea][0xf1]tC[0xfe]E][0xbb][0x1a]8'[0xd8][0x11]U[0x5][0xbb]@[0xd0][0xba][0xdf][0x85]=p[0x85][0x9a][[0x1][0x97][0xe][0x10][0xdc]T"A[0x95]B[0xe2]C[0xa3]`[0xeb][0xbd][0xab][0x9c][0xd3][0xff]/[0xbd]m[[0xf6][0xa4][0xbf][0x93][0xf3]A[[0x1f]r[0xee][0xf5]M[0x8e][0xa4][0xad][0x14]"i[0xc0][0x92][0xab][0xd3][0xde][0xe][0x85]S[0xa7][0xec][0x18]#[0x15][0xb5][0x1a]e[0x8c]I=q[0x12]*[\r]*[0xf4]N[0xa8][0xcb][0xe5][0x1d][\r][0xbe]N[0x96][0xbe]T[0xf0]}[0x96][0xc0][0xa9]C[0x85][0x1c]]7[0x89][0xc]"C5Z[0xb7][0xee][0x85][0xaa][0xe4]Bn[0xe0][0xc6][0xe7][0xa8]9vz1[0x1b]nVW[0xb7][0x17][0x9b][0x1f]w[0xcd]~[0xb5][0xde]?[0xfc]\|[[0xee][0x9b][0xe7]a"[0x14]'[0x13][0xca]|L[0x89][0xd0][0x9c]7[0xb][0x85]>[0x8f]I[0xd0][0xcc].[0xe6][0xc7][0xe3]_[0x0][0x0][0x0][0xff][0xff][0x3][0x0][0xa6][0xb7][0xe2][0x3][0xb6][0x1][0x0][0x0]"
11:39:23.727 [main] DEBUG org.apache.http.wire -  << "[\r][\n]"
11:39:23.728 [main] DEBUG org.apache.http.wire -  << "0[\r][\n]"
11:39:23.728 [main] DEBUG org.apache.http.wire -  << "[\r][\n]"
11:39:23.728 [main] DEBUG io.restassured.internal.RestAssuredHttpBuilder - Parsed data to instance of: class org.apache.http.conn.EofSensorInputStream
11:39:23.730 [main] DEBUG org.apache.http.impl.conn.BasicClientConnectionManager - Releasing connection org.apache.http.impl.conn.ManagedClientConnectionImpl@47ae6c18
11:39:23.730 [main] DEBUG org.apache.http.impl.conn.BasicClientConnectionManager - Connection can be kept alive indefinitely
HTTP/1.1 200 OK
Date: Fri, 02 Jun 2023 06:09:23 GMT
Content-Type: application/json; charset=utf-8
Transfer-Encoding: chunked
Connection: keep-alive
Access-Control-Allow-Origin: *
Etag: W/"1b6-PbqrboFUkCt99wYzRfSWdLWy/NY"
X-Powered-By: Express
CF-Cache-Status: DYNAMIC
Report-To: {"endpoints":[{"url":"https:\/\/a.nel.cloudflare.com\/report\/v3?s=ihDH2Kzi%2F%2BSGKoLTX9%2FI0yODp3Zg73bwH2uMBkPAdnVQNq60tgVkKZpl3JdZ5UwcqGTJJDdGLzEb6x4oGT8Myrpq%2Fz5ww3AQYOlyH%2FJjsRJpT3PmslhjGuJygQdr8Lr5Mvwx"}],"group":"cf-nel","max_age":604800}
NEL: {"success_fraction":0,"report_to":"cf-nel","max_age":604800}
Server: cloudflare
CF-RAY: 7d0d86f73e7f9faa-SIN
Content-Encoding: gzip
alt-svc: h3=":443"; ma=86400

{
    "id": 20,
    "title": "DANVOUY Womens T Shirt Casual Cotton Short",
    "price": 12.99,
    "description": "95%Cotton,5%Spandex, Features: Casual, Short Sleeve, Letter Print,V-Neck,Fashion Tees, The fabric is soft and has some stretch., Occasion: Casual/Office/Beach/School/Home/Street. Season: Spring,Summer,Autumn,Winter.",
    "category": "women's clothing",
    "image": "https://fakestoreapi.com/img/61pHAEJ4NML._AC_UX679_.jpg",
    "rating": {
        "rate": 3.6,
        "count": 145
    }
}
HTTP/1.1 200 OK
Date: Fri, 02 Jun 2023 06:09:23 GMT
Content-Type: application/json; charset=utf-8
Transfer-Encoding: chunked
Connection: keep-alive
Access-Control-Allow-Origin: *
Etag: W/"1b6-PbqrboFUkCt99wYzRfSWdLWy/NY"
X-Powered-By: Express
CF-Cache-Status: DYNAMIC
Report-To: {"endpoints":[{"url":"https:\/\/a.nel.cloudflare.com\/report\/v3?s=ihDH2Kzi%2F%2BSGKoLTX9%2FI0yODp3Zg73bwH2uMBkPAdnVQNq60tgVkKZpl3JdZ5UwcqGTJJDdGLzEb6x4oGT8Myrpq%2Fz5ww3AQYOlyH%2FJjsRJpT3PmslhjGuJygQdr8Lr5Mvwx"}],"group":"cf-nel","max_age":604800}
NEL: {"success_fraction":0,"report_to":"cf-nel","max_age":604800}
Server: cloudflare
CF-RAY: 7d0d86f73e7f9faa-SIN
Content-Encoding: gzip
alt-svc: h3=":443"; ma=86400

{
    "id": 20,
    "title": "DANVOUY Womens T Shirt Casual Cotton Short",
    "price": 12.99,
    "description": "95%Cotton,5%Spandex, Features: Casual, Short Sleeve, Letter Print,V-Neck,Fashion Tees, The fabric is soft and has some stretch., Occasion: Casual/Office/Beach/School/Home/Street. Season: Spring,Summer,Autumn,Winter.",
    "category": "women's clothing",
    "image": "https://fakestoreapi.com/img/61pHAEJ4NML._AC_UX679_.jpg",
    "rating": {
        "rate": 3.6,
        "count": 145
    }
}
after deleting: {id=20, title=DANVOUY Womens T Shirt Casual Cotton Short, price=12.99, description=95%Cotton,5%Spandex, Features: Casual, Short Sleeve, Letter Print,V-Neck,Fashion Tees, The fabric is soft and has some stretch., Occasion: Casual/Office/Beach/School/Home/Street. Season: Spring,Summer,Autumn,Winter., category=women's clothing, image=https://fakestoreapi.com/img/61pHAEJ4NML._AC_UX679_.jpg, rating={rate=3.6, count=145}}
Verify product exists or not
11:39:23.748 [main] DEBUG org.apache.http.impl.conn.BasicClientConnectionManager - Get connection for route {s}->https://fakestoreapi.com:443
11:39:23.748 [main] DEBUG org.apache.http.impl.conn.DefaultClientConnectionOperator - Connecting to fakestoreapi.com:443
11:39:23.847 [main] DEBUG org.apache.http.client.protocol.RequestAddCookies - CookieSpec selected: ignoreCookies
11:39:23.847 [main] DEBUG org.apache.http.client.protocol.RequestAuthCache - Auth cache not set in the context
11:39:23.847 [main] DEBUG org.apache.http.client.protocol.RequestTargetAuthentication - Target auth state: UNCHALLENGED
11:39:23.847 [main] DEBUG org.apache.http.client.protocol.RequestProxyAuthentication - Proxy auth state: UNCHALLENGED
11:39:23.847 [main] DEBUG org.apache.http.impl.client.DefaultHttpClient - Attempt 1 to execute request
11:39:23.847 [main] DEBUG org.apache.http.impl.conn.DefaultClientConnection - Sending request: GET /products/20 HTTP/1.1
11:39:23.847 [main] DEBUG org.apache.http.wire -  >> "GET /products/20 HTTP/1.1[\r][\n]"
11:39:23.847 [main] DEBUG org.apache.http.wire -  >> "Accept: */*[\r][\n]"
11:39:23.847 [main] DEBUG org.apache.http.wire -  >> "Host: fakestoreapi.com[\r][\n]"
11:39:23.847 [main] DEBUG org.apache.http.wire -  >> "Connection: Keep-Alive[\r][\n]"
11:39:23.847 [main] DEBUG org.apache.http.wire -  >> "User-Agent: Apache-HttpClient/4.5.13 (Java/17.0.6)[\r][\n]"
11:39:23.847 [main] DEBUG org.apache.http.wire -  >> "Accept-Encoding: gzip,deflate[\r][\n]"
11:39:23.847 [main] DEBUG org.apache.http.wire -  >> "[\r][\n]"
11:39:23.847 [main] DEBUG org.apache.http.headers - >> GET /products/20 HTTP/1.1
11:39:23.847 [main] DEBUG org.apache.http.headers - >> Accept: */*
11:39:23.847 [main] DEBUG org.apache.http.headers - >> Host: fakestoreapi.com
11:39:23.847 [main] DEBUG org.apache.http.headers - >> Connection: Keep-Alive
11:39:23.847 [main] DEBUG org.apache.http.headers - >> User-Agent: Apache-HttpClient/4.5.13 (Java/17.0.6)
11:39:23.847 [main] DEBUG org.apache.http.headers - >> Accept-Encoding: gzip,deflate
11:39:24.382 [main] DEBUG org.apache.http.wire -  << "HTTP/1.1 200 OK[\r][\n]"
11:39:24.382 [main] DEBUG org.apache.http.wire -  << "Date: Fri, 02 Jun 2023 06:09:24 GMT[\r][\n]"
11:39:24.382 [main] DEBUG org.apache.http.wire -  << "Content-Type: application/json; charset=utf-8[\r][\n]"
11:39:24.382 [main] DEBUG org.apache.http.wire -  << "Transfer-Encoding: chunked[\r][\n]"
11:39:24.382 [main] DEBUG org.apache.http.wire -  << "Connection: keep-alive[\r][\n]"
11:39:24.382 [main] DEBUG org.apache.http.wire -  << "Access-Control-Allow-Origin: *[\r][\n]"
11:39:24.382 [main] DEBUG org.apache.http.wire -  << "Etag: W/"1b6-PbqrboFUkCt99wYzRfSWdLWy/NY"[\r][\n]"
11:39:24.382 [main] DEBUG org.apache.http.wire -  << "X-Powered-By: Express[\r][\n]"
11:39:24.382 [main] DEBUG org.apache.http.wire -  << "CF-Cache-Status: DYNAMIC[\r][\n]"
11:39:24.382 [main] DEBUG org.apache.http.wire -  << "Report-To: {"endpoints":[{"url":"https:\/\/a.nel.cloudflare.com\/report\/v3?s=PpH4Q0PjWmTlEu5SiV86EGPsFo4YbXZfQFiXjLLjkw49ibiuWLiCsZ8q47q9c9pskGYIcNXqifgSl1UL%2F8Am65LWEP4uPAPrab%2FguvLaLiKgUjlZQfZL7tVM0PoG12UC2xtZ"}],"group":"cf-nel","max_age":604800}[\r][\n]"
11:39:24.382 [main] DEBUG org.apache.http.wire -  << "NEL: {"success_fraction":0,"report_to":"cf-nel","max_age":604800}[\r][\n]"
11:39:24.382 [main] DEBUG org.apache.http.wire -  << "Server: cloudflare[\r][\n]"
11:39:24.382 [main] DEBUG org.apache.http.wire -  << "CF-RAY: 7d0d86fc4b344094-SIN[\r][\n]"
11:39:24.382 [main] DEBUG org.apache.http.wire -  << "Content-Encoding: gzip[\r][\n]"
11:39:24.382 [main] DEBUG org.apache.http.wire -  << "alt-svc: h3=":443"; ma=86400[\r][\n]"
11:39:24.382 [main] DEBUG org.apache.http.wire -  << "[\r][\n]"
11:39:24.382 [main] DEBUG org.apache.http.impl.conn.DefaultClientConnection - Receiving response: HTTP/1.1 200 OK
11:39:24.382 [main] DEBUG org.apache.http.headers - << HTTP/1.1 200 OK
11:39:24.382 [main] DEBUG org.apache.http.headers - << Date: Fri, 02 Jun 2023 06:09:24 GMT
11:39:24.382 [main] DEBUG org.apache.http.headers - << Content-Type: application/json; charset=utf-8
11:39:24.382 [main] DEBUG org.apache.http.headers - << Transfer-Encoding: chunked
11:39:24.382 [main] DEBUG org.apache.http.headers - << Connection: keep-alive
11:39:24.382 [main] DEBUG org.apache.http.headers - << Access-Control-Allow-Origin: *
11:39:24.382 [main] DEBUG org.apache.http.headers - << Etag: W/"1b6-PbqrboFUkCt99wYzRfSWdLWy/NY"
11:39:24.382 [main] DEBUG org.apache.http.headers - << X-Powered-By: Express
11:39:24.382 [main] DEBUG org.apache.http.headers - << CF-Cache-Status: DYNAMIC
11:39:24.383 [main] DEBUG org.apache.http.headers - << Report-To: {"endpoints":[{"url":"https:\/\/a.nel.cloudflare.com\/report\/v3?s=PpH4Q0PjWmTlEu5SiV86EGPsFo4YbXZfQFiXjLLjkw49ibiuWLiCsZ8q47q9c9pskGYIcNXqifgSl1UL%2F8Am65LWEP4uPAPrab%2FguvLaLiKgUjlZQfZL7tVM0PoG12UC2xtZ"}],"group":"cf-nel","max_age":604800}
11:39:24.383 [main] DEBUG org.apache.http.headers - << NEL: {"success_fraction":0,"report_to":"cf-nel","max_age":604800}
11:39:24.383 [main] DEBUG org.apache.http.headers - << Server: cloudflare
11:39:24.383 [main] DEBUG org.apache.http.headers - << CF-RAY: 7d0d86fc4b344094-SIN
11:39:24.383 [main] DEBUG org.apache.http.headers - << Content-Encoding: gzip
11:39:24.383 [main] DEBUG org.apache.http.headers - << alt-svc: h3=":443"; ma=86400
11:39:24.383 [main] DEBUG org.apache.http.impl.client.DefaultHttpClient - Connection can be kept alive indefinitely
11:39:24.384 [main] DEBUG io.restassured.internal.RestAssuredHttpBuilder - Parsing response as: application/json; charset=utf-8
11:39:24.384 [main] DEBUG org.apache.http.wire -  << "161[\r][\n]"
11:39:24.384 [main] DEBUG org.apache.http.wire -  << "[0x1f][0x8b][0x8][0x0][0x0][0x0][0x0][0x0][0x0][0x3]4[0x90][0xd1]N[0x1b]1[0x10]Ee4[0x12][0xea][0x8b]Y7@R[0xc5]oi[0x0]!D[0x13]$[0x7]h[0x9f]"[0xd7][0x99]][0xf][0xac][0xed][0x95]=[@([0xff]^[0xad]h[0xdf][0xee][0x95][0xae][0xce][0x95][0xce][0x7][0xf2][0x1][0xcd][0xd9]W[0x85][0xc2][0xd2][0x13][0x1a][0xbc]\m[0x1e][0xb7][0xf][0xbf][0xe0])GJ[0x15]v`[0x3][0x17][0x81][0xb5][0xab][0xa3][0xeb]a[0x9d]Er[0x2][0x1b]r[0x11]T8[0x14][0xf6][0x84]fv[0xd6],[0x97][\n]"
11:39:24.384 [main] DEBUG org.apache.http.wire -  << "[0xf]T}[0xe1]A8'4[0xb8][0x9c][0x9f]|[0xae][0xd5][0xfc][0xc4][0xe].[0x1d][0xe8]M[0xc1]59[0x19][0xb]U[0xf3][0xf][0xa8]>Q`{[0xa2]?[0xa4][0xe0][0x8e]D[0xa8][0xc0]}[0xe1]$[0xea][0xf1]tC[0xfe]E][0xbb][0x1a]8'[0xd8][0x11]U[0x5][0xbb]@[0xd0][0xba][0xdf][0x85]=p[0x85][0x9a][[0x1][0x97][0xe][0x10][0xdc]T"A[0x95]B[0xe2]C[0xa3]`[0xeb][0xbd][0xab][0x9c][0xd3][0xff]/[0xbd]m[[0xf6][0xa4][0xbf][0x93][0xf3]A[[0x1f]r[0xee][0xf5]M[0x8e][0xa4][0xad][0x14]"i[0xc0][0x92][0xab][0xd3][0xde][0xe][0x85]S[0xa7][0xec][0x18]#[0x15][0xb5][0x1a]e[0x8c]I=q[0x12]*[\r]*[0xf4]N[0xa8][0xcb][0xe5][0x1d][\r][0xbe]N[0x96][0xbe]T[0xf0]}[0x96][0xc0][0xa9]C[0x85][0x1c]]7[0x89][0xc]"C5Z[0xb7][0xee][0x85][0xaa][0xe4]Bn[0xe0][0xc6][0xe7][0xa8]9vz1[0x1b]nVW[0xb7][0x17][0x9b][0x1f]w[0xcd]~[0xb5][0xde]?[0xfc]\|[[0xee][0x9b][0xe7]a"[0x14]'[0x13][0xca]|L[0x89][0xd0][0x9c]7[0xb][0x85]>[0x8f]I[0xd0][0xcc].[0xe6][0xc7][0xe3]_[0x0][0x0][0x0][0xff][0xff][0x3][0x0][0xa6][0xb7][0xe2][0x3][0xb6][0x1][0x0][0x0]"
11:39:24.384 [main] DEBUG org.apache.http.wire -  << "[\r][\n]"
11:39:24.385 [main] DEBUG org.apache.http.wire -  << "0[\r][\n]"
11:39:24.385 [main] DEBUG org.apache.http.wire -  << "[\r][\n]"
11:39:24.385 [main] DEBUG io.restassured.internal.RestAssuredHttpBuilder - Parsed data to instance of: class org.apache.http.conn.EofSensorInputStream
11:39:24.386 [main] DEBUG org.apache.http.impl.conn.BasicClientConnectionManager - Releasing connection org.apache.http.impl.conn.ManagedClientConnectionImpl@1d008e61
11:39:24.386 [main] DEBUG org.apache.http.impl.conn.BasicClientConnectionManager - Connection can be kept alive indefinitely
HTTP/1.1 200 OK
Date: Fri, 02 Jun 2023 06:09:24 GMT
Content-Type: application/json; charset=utf-8
Transfer-Encoding: chunked
Connection: keep-alive
Access-Control-Allow-Origin: *
Etag: W/"1b6-PbqrboFUkCt99wYzRfSWdLWy/NY"
X-Powered-By: Express
CF-Cache-Status: DYNAMIC
Report-To: {"endpoints":[{"url":"https:\/\/a.nel.cloudflare.com\/report\/v3?s=PpH4Q0PjWmTlEu5SiV86EGPsFo4YbXZfQFiXjLLjkw49ibiuWLiCsZ8q47q9c9pskGYIcNXqifgSl1UL%2F8Am65LWEP4uPAPrab%2FguvLaLiKgUjlZQfZL7tVM0PoG12UC2xtZ"}],"group":"cf-nel","max_age":604800}
NEL: {"success_fraction":0,"report_to":"cf-nel","max_age":604800}
Server: cloudflare
CF-RAY: 7d0d86fc4b344094-SIN
Content-Encoding: gzip
alt-svc: h3=":443"; ma=86400

{
    "id": 20,
    "title": "DANVOUY Womens T Shirt Casual Cotton Short",
    "price": 12.99,
    "description": "95%Cotton,5%Spandex, Features: Casual, Short Sleeve, Letter Print,V-Neck,Fashion Tees, The fabric is soft and has some stretch., Occasion: Casual/Office/Beach/School/Home/Street. Season: Spring,Summer,Autumn,Winter.",
    "category": "women's clothing",
    "image": "https://fakestoreapi.com/img/61pHAEJ4NML._AC_UX679_.jpg",
    "rating": {
        "rate": 3.6,
        "count": 145
    }
}
]]></system-out>
  </testcase>
</testsuite>