<?xml version="1.0" encoding="UTF-8"?>
<testsuite xmlns:xsi="http://www.w3.org/2001/XMLSchema-instance" xsi:noNamespaceSchemaLocation="https://maven.apache.org/surefire/maven-failsafe-plugin/xsd/failsafe-test-report-3.0.xsd" version="3.0" name="com.serenity.junit.MyFirstSerenityTest" time="0.681" tests="1" errors="0" skipped="0" failures="0">
  <properties>
[...]
</properties>
  <testcase name="getData" classname="com.serenity.junit.MyFirstSerenityTest" time="0.634">
    <system-out><![CDATA[11:39:29.792 [main] DEBUG net.thucydides.core.steps.StepEventBus - Test suite started for class com.serenity.junit.MyFirstSerenityTest
11:39:29.792 [main] INFO  - Test Suite Started: My first serenity test
11:39:29.793 [main] INFO  - 
  _____   ___   ___   _____     ___   _____     _     ___   _____   ___   ___  
 |_   _| | __| / __| |_   _|   / __| |_   _|   /_\   | _ \ |_   _| | __| |   \ 
   | |   | _|  \__ \   | |     \__ \   | |    / _ \  |   /   | |   | _|  | |) |
   |_|   |___| |___/   |_|     |___/   |_|   /_/ \_\ |_|_\   |_|   |___| |___/ 

getData
--------------------------------------------------------------------------------
Request method:	GET
Request URI:	https://fakestoreapi.com/products/20
Proxy:			<none>
Request params:	<none>
Query params:	<none>
Form params:	<none>
Path params:	<none>
Headers:		Accept=*/*
Cookies:		<none>
Multiparts:		<none>
Body:			<none>
11:39:29.808 [main] DEBUG org.apache.http.impl.conn.BasicClientConnectionManager - Get connection for route {s}->https://fakestoreapi.com:443
11:39:29.809 [main] DEBUG org.apache.http.impl.conn.DefaultClientConnectionOperator - Connecting to fakestoreapi.com:443
11:39:29.909 [main] DEBUG org.apache.http.client.protocol.RequestAddCookies - CookieSpec selected: ignoreCookies
11:39:29.909 [main] DEBUG org.apache.http.client.protocol.RequestAuthCache - Auth cache not set in the context
11:39:29.909 [main] DEBUG org.apache.http.client.protocol.RequestTargetAuthentication - Target auth state: UNCHALLENGED
11:39:29.909 [main] DEBUG org.apache.http.client.protocol.RequestProxyAuthentication - Proxy auth state: UNCHALLENGED
11:39:29.909 [main] DEBUG org.apache.http.impl.client.DefaultHttpClient - Attempt 1 to execute request
11:39:29.909 [main] DEBUG org.apache.http.impl.conn.DefaultClientConnection - Sending request: GET /products/20 HTTP/1.1
11:39:29.910 [main] DEBUG org.apache.http.wire -  >> "GET /products/20 HTTP/1.1[\r][\n]"
11:39:29.910 [main] DEBUG org.apache.http.wire -  >> "Accept: */*[\r][\n]"
11:39:29.910 [main] DEBUG org.apache.http.wire -  >> "Host: fakestoreapi.com[\r][\n]"
11:39:29.910 [main] DEBUG org.apache.http.wire -  >> "Connection: Keep-Alive[\r][\n]"
11:39:29.910 [main] DEBUG org.apache.http.wire -  >> "User-Agent: Apache-HttpClient/4.5.13 (Java/17.0.6)[\r][\n]"
11:39:29.910 [main] DEBUG org.apache.http.wire -  >> "Accept-Encoding: gzip,deflate[\r][\n]"
11:39:29.910 [main] DEBUG org.apache.http.wire -  >> "[\r][\n]"
11:39:29.910 [main] DEBUG org.apache.http.headers - >> GET /products/20 HTTP/1.1
11:39:29.910 [main] DEBUG org.apache.http.headers - >> Accept: */*
11:39:29.910 [main] DEBUG org.apache.http.headers - >> Host: fakestoreapi.com
11:39:29.910 [main] DEBUG org.apache.http.headers - >> Connection: Keep-Alive
11:39:29.910 [main] DEBUG org.apache.http.headers - >> User-Agent: Apache-HttpClient/4.5.13 (Java/17.0.6)
11:39:29.910 [main] DEBUG org.apache.http.headers - >> Accept-Encoding: gzip,deflate
11:39:30.418 [main] DEBUG org.apache.http.wire -  << "HTTP/1.1 200 OK[\r][\n]"
11:39:30.419 [main] DEBUG org.apache.http.wire -  << "Date: Fri, 02 Jun 2023 06:09:30 GMT[\r][\n]"
11:39:30.419 [main] DEBUG org.apache.http.wire -  << "Content-Type: application/json; charset=utf-8[\r][\n]"
11:39:30.419 [main] DEBUG org.apache.http.wire -  << "Transfer-Encoding: chunked[\r][\n]"
11:39:30.419 [main] DEBUG org.apache.http.wire -  << "Connection: keep-alive[\r][\n]"
11:39:30.419 [main] DEBUG org.apache.http.wire -  << "Access-Control-Allow-Origin: *[\r][\n]"
11:39:30.419 [main] DEBUG org.apache.http.wire -  << "Etag: W/"1b6-PbqrboFUkCt99wYzRfSWdLWy/NY"[\r][\n]"
11:39:30.419 [main] DEBUG org.apache.http.wire -  << "X-Powered-By: Express[\r][\n]"
11:39:30.419 [main] DEBUG org.apache.http.wire -  << "CF-Cache-Status: DYNAMIC[\r][\n]"
11:39:30.419 [main] DEBUG org.apache.http.wire -  << "Report-To: {"endpoints":[{"url":"https:\/\/a.nel.cloudflare.com\/report\/v3?s=zBBPPRygnTCmeS24HHxCh2gcCwqHT5TvmVZfXkhPaRN1by4MBV%2B0ScbN%2BM5ljqvvI8rW%2Bhd1qvyOkjnfuuFtPGed1gov8ozeqcEHNVOb6vivK5XWP2MWz2NCqX%2BHAY%2BTJfXn"}],"group":"cf-nel","max_age":604800}[\r][\n]"
11:39:30.419 [main] DEBUG org.apache.http.wire -  << "NEL: {"success_fraction":0,"report_to":"cf-nel","max_age":604800}[\r][\n]"
11:39:30.419 [main] DEBUG org.apache.http.wire -  << "Server: cloudflare[\r][\n]"
11:39:30.419 [main] DEBUG org.apache.http.wire -  << "CF-RAY: 7d0d872228f76c09-SIN[\r][\n]"
11:39:30.419 [main] DEBUG org.apache.http.wire -  << "Content-Encoding: gzip[\r][\n]"
11:39:30.419 [main] DEBUG org.apache.http.wire -  << "alt-svc: h3=":443"; ma=86400[\r][\n]"
11:39:30.419 [main] DEBUG org.apache.http.wire -  << "[\r][\n]"
11:39:30.419 [main] DEBUG org.apache.http.impl.conn.DefaultClientConnection - Receiving response: HTTP/1.1 200 OK
11:39:30.419 [main] DEBUG org.apache.http.headers - << HTTP/1.1 200 OK
11:39:30.419 [main] DEBUG org.apache.http.headers - << Date: Fri, 02 Jun 2023 06:09:30 GMT
11:39:30.419 [main] DEBUG org.apache.http.headers - << Content-Type: application/json; charset=utf-8
11:39:30.419 [main] DEBUG org.apache.http.headers - << Transfer-Encoding: chunked
11:39:30.419 [main] DEBUG org.apache.http.headers - << Connection: keep-alive
11:39:30.419 [main] DEBUG org.apache.http.headers - << Access-Control-Allow-Origin: *
11:39:30.419 [main] DEBUG org.apache.http.headers - << Etag: W/"1b6-PbqrboFUkCt99wYzRfSWdLWy/NY"
11:39:30.419 [main] DEBUG org.apache.http.headers - << X-Powered-By: Express
11:39:30.419 [main] DEBUG org.apache.http.headers - << CF-Cache-Status: DYNAMIC
11:39:30.419 [main] DEBUG org.apache.http.headers - << Report-To: {"endpoints":[{"url":"https:\/\/a.nel.cloudflare.com\/report\/v3?s=zBBPPRygnTCmeS24HHxCh2gcCwqHT5TvmVZfXkhPaRN1by4MBV%2B0ScbN%2BM5ljqvvI8rW%2Bhd1qvyOkjnfuuFtPGed1gov8ozeqcEHNVOb6vivK5XWP2MWz2NCqX%2BHAY%2BTJfXn"}],"group":"cf-nel","max_age":604800}
11:39:30.419 [main] DEBUG org.apache.http.headers - << NEL: {"success_fraction":0,"report_to":"cf-nel","max_age":604800}
11:39:30.419 [main] DEBUG org.apache.http.headers - << Server: cloudflare
11:39:30.419 [main] DEBUG org.apache.http.headers - << CF-RAY: 7d0d872228f76c09-SIN
11:39:30.419 [main] DEBUG org.apache.http.headers - << Content-Encoding: gzip
11:39:30.419 [main] DEBUG org.apache.http.headers - << alt-svc: h3=":443"; ma=86400
11:39:30.419 [main] DEBUG org.apache.http.impl.client.DefaultHttpClient - Connection can be kept alive indefinitely
11:39:30.420 [main] DEBUG io.restassured.internal.RestAssuredHttpBuilder - Parsing response as: application/json; charset=utf-8
11:39:30.420 [main] DEBUG org.apache.http.wire -  << "161[\r][\n]"
11:39:30.420 [main] DEBUG org.apache.http.wire -  << "[0x1f][0x8b][0x8][0x0][0x0][0x0][0x0][0x0][0x0][0x3]4[0x90][0xd1]N[0x1b]1[0x10]Ee4[0x12][0xea][0x8b]Y7@R[0xc5]oi[0x0]!D[0x13]$[0x7]h[0x9f]"[0xd7][0x99]][0xf][0xac][0xed][0x95]=[@([0xff]^[0xad]h[0xdf][0xee][0x95][0xae][0xce][0x95][0xce][0x7][0xf2][0x1][0xcd][0xd9]W[0x85][0xc2][0xd2][0x13][0x1a][0xbc]\m[0x1e][0xb7][0xf][0xbf][0xe0])GJ[0x15]v`[0x3][0x17][0x81][0xb5][0xab][0xa3][0xeb]a[0x9d]Er[0x2][0x1b]r[0x11]T8[0x14][0xf6][0x84]fv[0xd6],[0x97][\n]"
11:39:30.420 [main] DEBUG org.apache.http.wire -  << "[0xf]T}[0xe1]A8'4[0xb8][0x9c][0x9f]|[0xae][0xd5][0xfc][0xc4][0xe].[0x1d][0xe8]M[0xc1]59[0x19][0xb]U[0xf3][0xf][0xa8]>Q`{[0xa2]?[0xa4][0xe0][0x8e]D[0xa8][0xc0]}[0xe1]$[0xea][0xf1]tC[0xfe]E][0xbb][0x1a]8'[0xd8][0x11]U[0x5][0xbb]@[0xd0][0xba][0xdf][0x85]=p[0x85][0x9a][[0x1][0x97][0xe][0x10][0xdc]T"A[0x95]B[0xe2]C[0xa3]`[0xeb][0xbd][0xab][0x9c][0xd3][0xff]/[0xbd]m[[0xf6][0xa4][0xbf][0x93][0xf3]A[[0x1f]r[0xee][0xf5]M[0x8e][0xa4][0xad][0x14]"i[0xc0][0x92][0xab][0xd3][0xde][0xe][0x85]S[0xa7][0xec][0x18]#[0x15][0xb5][0x1a]e[0x8c]I=q[0x12]*[\r]*[0xf4]N[0xa8][0xcb][0xe5][0x1d][\r][0xbe]N[0x96][0xbe]T[0xf0]}[0x96][0xc0][0xa9]C[0x85][0x1c]]7[0x89][0xc]"C5Z[0xb7][0xee][0x85][0xaa][0xe4]Bn[0xe0][0xc6][0xe7][0xa8]9vz1[0x1b]nVW[0xb7][0x17][0x9b][0x1f]w[0xcd]~[0xb5][0xde]?[0xfc]\|[[0xee][0x9b][0xe7]a"[0x14]'[0x13][0xca]|L[0x89][0xd0][0x9c]7[0xb][0x85]>[0x8f]I[0xd0][0xcc].[0xe6][0xc7][0xe3]_[0x0][0x0][0x0][0xff][0xff][0x3][0x0][0xa6][0xb7][0xe2][0x3][0xb6][0x1][0x0][0x0]"
11:39:30.420 [main] DEBUG org.apache.http.wire -  << "[\r][\n]"
11:39:30.420 [main] DEBUG org.apache.http.wire -  << "0[\r][\n]"
11:39:30.420 [main] DEBUG org.apache.http.wire -  << "[\r][\n]"
11:39:30.420 [main] DEBUG io.restassured.internal.RestAssuredHttpBuilder - Parsed data to instance of: class org.apache.http.conn.EofSensorInputStream
11:39:30.423 [main] DEBUG org.apache.http.impl.conn.BasicClientConnectionManager - Releasing connection org.apache.http.impl.conn.ManagedClientConnectionImpl@67823972
11:39:30.423 [main] DEBUG org.apache.http.impl.conn.BasicClientConnectionManager - Connection can be kept alive indefinitely
HTTP/1.1 200 OK
Date: Fri, 02 Jun 2023 06:09:30 GMT
Content-Type: application/json; charset=utf-8
Transfer-Encoding: chunked
Connection: keep-alive
Access-Control-Allow-Origin: *
Etag: W/"1b6-PbqrboFUkCt99wYzRfSWdLWy/NY"
X-Powered-By: Express
CF-Cache-Status: DYNAMIC
Report-To: {"endpoints":[{"url":"https:\/\/a.nel.cloudflare.com\/report\/v3?s=zBBPPRygnTCmeS24HHxCh2gcCwqHT5TvmVZfXkhPaRN1by4MBV%2B0ScbN%2BM5ljqvvI8rW%2Bhd1qvyOkjnfuuFtPGed1gov8ozeqcEHNVOb6vivK5XWP2MWz2NCqX%2BHAY%2BTJfXn"}],"group":"cf-nel","max_age":604800}
NEL: {"success_fraction":0,"report_to":"cf-nel","max_age":604800}
Server: cloudflare
CF-RAY: 7d0d872228f76c09-SIN
Content-Encoding: gzip
alt-svc: h3=":443"; ma=86400

{
    "id": 20,
    "title": "DANVOUY Womens T Shirt Casual Cotton Short",
    "price": 12.99,
    "description": "95%Cotton,5%Spandex, Features: Casual, Short Sleeve, Letter Print,V-Neck,Fashion Tees, The fabric is soft and has some stretch., Occasion: Casual/Office/Beach/School/Home/Street. Season: Spring,Summer,Autumn,Winter.",
    "category": "women's clothing",
    "image": "https://fakestoreapi.com/img/61pHAEJ4NML._AC_UX679_.jpg",
    "rating": {
        "rate": 3.6,
        "count": 145
    }
}
Product details:-{id=20, title=DANVOUY Womens T Shirt Casual Cotton Short, price=12.99, description=95%Cotton,5%Spandex, Features: Casual, Short Sleeve, Letter Print,V-Neck,Fashion Tees, The fabric is soft and has some stretch., Occasion: Casual/Office/Beach/School/Home/Street. Season: Spring,Summer,Autumn,Winter., category=women's clothing, image=https://fakestoreapi.com/img/61pHAEJ4NML._AC_UX679_.jpg, rating={rate=3.6, count=145}}
]]></system-out>
  </testcase>
</testsuite>