<?xml version="1.0" encoding="UTF-8" standalone="no"?><testsuite errors="0" failures="0" name="com.serenity.junit.CRUD_Test" skipped="0" tests="4" time="8.03" timestamp="2023-06-02 11:39:16"><testcase classname="com.serenity.junit.CRUD_Test" name="This is to create a product"/><testcase classname="com.serenity.junit.CRUD_Test" name="This is to get a product"/><testcase classname="com.serenity.junit.CRUD_Test" name="This is to update a product"/><testcase classname="com.serenity.junit.CRUD_Test" name="This is to delete a product"/></testsuite>